Gviews/proguard/seeds.txt
com.homecoolink.CallActivity
com.homecoolink.CallActivity: CallActivity()
com.homecoolink.CallActivity: void onClick(android.view.View)
com.homecoolink.MonitorActivity
com.homecoolink.MonitorActivity: MonitorActivity()
com.homecoolink.MonitorActivity: void onClick(android.view.View)
com.homecoolink.PlayBackActivity
com.homecoolink.PlayBackActivity: PlayBackActivity()
com.homecoolink.PlayBackActivity: void onClick(android.view.View)
com.homecoolink.activity.AccountInfoActivity
com.homecoolink.activity.AccountInfoActivity: AccountInfoActivity()
com.homecoolink.activity.AccountInfoActivity: void onClick(android.view.View)
com.homecoolink.activity.AddContactActivity
com.homecoolink.activity.AddContactActivity: AddContactActivity()
com.homecoolink.activity.AddContactActivity: void onClick(android.view.View)
com.homecoolink.activity.AddContactNextActivity
com.homecoolink.activity.AddContactNextActivity: AddContactNextActivity()
com.homecoolink.activity.AddContactNextActivity: void onClick(android.view.View)
com.homecoolink.activity.AddWaitActicity
com.homecoolink.activity.AddWaitActicity: AddWaitActicity()
com.homecoolink.activity.AddWaitActicity: void onClick(android.view.View)
com.homecoolink.activity.AlarmActivity
com.homecoolink.activity.AlarmActivity: AlarmActivity()
com.homecoolink.activity.AlarmActivity: void onClick(android.view.View)
com.homecoolink.activity.AlarmPushAccountActivity
com.homecoolink.activity.AlarmPushAccountActivity: AlarmPushAccountActivity()
com.homecoolink.activity.AlarmPushAccountActivity: void onClick(android.view.View)
com.homecoolink.activity.AlarmRecordFromDeviceActivity
com.homecoolink.activity.AlarmRecordFromDeviceActivity: AlarmRecordFromDeviceActivity()
com.homecoolink.activity.AlarmRecordFromDeviceActivity: void onClick(android.view.View)
com.homecoolink.activity.AlarmReordDetailActivity
com.homecoolink.activity.AlarmReordDetailActivity: AlarmReordDetailActivity()
com.homecoolink.activity.AlarmReordDetailActivity: void onClick(android.view.View)
com.homecoolink.activity.AlarmReordVideo
com.homecoolink.activity.AlarmReordVideo: AlarmReordVideo()
com.homecoolink.activity.AlarmReordVideo: void onClick(android.view.View)
com.homecoolink.activity.AlarmSetActivity
com.homecoolink.activity.AlarmSetActivity: AlarmSetActivity()
com.homecoolink.activity.AlarmSetActivity: void onClick(android.view.View)
com.homecoolink.activity.BaseActivity
com.homecoolink.activity.BaseActivity: BaseActivity()
com.homecoolink.activity.CreateQRcodeActivity
com.homecoolink.activity.CreateQRcodeActivity: CreateQRcodeActivity()
com.homecoolink.activity.CreateQRcodeActivity: void onClick(android.view.View)
com.homecoolink.activity.DeviceUpdateActivity
com.homecoolink.activity.DeviceUpdateActivity: DeviceUpdateActivity()
com.homecoolink.activity.ForgetPassword
com.homecoolink.activity.ForgetPassword: ForgetPassword()
com.homecoolink.activity.ForgetPassword: void onClick(android.view.View)
com.homecoolink.activity.ForgetPasswordEdit
com.homecoolink.activity.ForgetPasswordEdit: ForgetPasswordEdit()
com.homecoolink.activity.ForgetPasswordEdit: void onClick(android.view.View)
com.homecoolink.activity.ForwardActivity
com.homecoolink.activity.ForwardActivity: ForwardActivity()
com.homecoolink.activity.ForwardDownActivity
com.homecoolink.activity.ForwardDownActivity: ForwardDownActivity()
com.homecoolink.activity.LocalDeviceListActivity
com.homecoolink.activity.LocalDeviceListActivity: LocalDeviceListActivity()
com.homecoolink.activity.LocalDeviceListActivity: void onClick(android.view.View)
com.homecoolink.activity.LoginActivity
com.homecoolink.activity.LoginActivity: LoginActivity()
com.homecoolink.activity.LoginActivity: void onClick(android.view.View)
com.homecoolink.activity.LogoActivity
com.homecoolink.activity.LogoActivity: LogoActivity()
com.homecoolink.activity.MainActivity
com.homecoolink.activity.MainActivity: MainActivity()
com.homecoolink.activity.MainActivity: void onClick(android.view.View)
...
android.support.v4.net.TrafficStatsCompatIcs
android.support.v4.net.TrafficStatsCompatIcs: TrafficStatsCompatIcs()
android.support.v4.net.TrafficStatsCompatIcs: void clearThreadStatsTag()
android.support.v4.net.TrafficStatsCompatIcs: int getThreadStatsTag()
android.support.v4.net.TrafficStatsCompatIcs: void incrementOperationCount(int)
android.support.v4.net.TrafficStatsCompatIcs: void incrementOperationCount(int,int)
android.support.v4.net.TrafficStatsCompatIcs: void setThreadStatsTag(int)
android.support.v4.net.TrafficStatsCompatIcs: void tagSocket(java.net.Socket)
android.support.v4.net.TrafficStatsCompatIcs: void untagSocket(java.net.Socket)
android.support.v4.os.ParcelableCompat
android.support.v4.os.ParcelableCompat: ParcelableCompat()
android.support.v4.os.ParcelableCompat: android.os.Parcelable$Creator newCreator(android.support.v4.os.ParcelableCompatCreatorCallbacks)
android.support.v4.os.ParcelableCompat$CompatCreator
android.support.v4.os.ParcelableCompat$CompatCreator: android.support.v4.os.ParcelableCompatCreatorCallbacks mCallbacks
android.support.v4.os.ParcelableCompat$CompatCreator: ParcelableCompat$CompatCreator(android.support.v4.os.ParcelableCompatCreatorCallbacks)
android.support.v4.os.ParcelableCompat$CompatCreator: java.lang.Object createFromParcel(android.os.Parcel)
android.support.v4.os.ParcelableCompat$CompatCreator: java.lang.Object[] newArray(int)
android.support.v4.os.ParcelableCompatCreatorCallbacks
android.support.v4.os.ParcelableCompatCreatorCallbacks: java.lang.Object createFromParcel(android.os.Parcel,java.lang.ClassLoader)
android.support.v4.os.ParcelableCompatCreatorCallbacks: java.lang.Object[] newArray(int)
android.support.v4.os.ParcelableCompatCreatorHoneycombMR2
android.support.v4.os.ParcelableCompatCreatorHoneycombMR2: android.support.v4.os.ParcelableCompatCreatorCallbacks mCallbacks
android.support.v4.os.ParcelableCompatCreatorHoneycombMR2: ParcelableCompatCreatorHoneycombMR2(android.support.v4.os.ParcelableCompatCreatorCallbacks)
android.support.v4.os.ParcelableCompatCreatorHoneycombMR2: java.lang.Object createFromParcel(android.os.Parcel)
android.support.v4.os.ParcelableCompatCreatorHoneycombMR2: java.lang.Object createFromParcel(android.os.Parcel,java.lang.ClassLoader)
android.support.v4.os.ParcelableCompatCreatorHoneycombMR2: java.lang.Object[] newArray(int)
android.support.v4.os.ParcelableCompatCreatorHoneycombMR2Stub
android.support.v4.os.ParcelableCompatCreatorHoneycombMR2Stub: ParcelableCompatCreatorHoneycombMR2Stub()
android.support.v4.os.ParcelableCompatCreatorHoneycombMR2Stub: android.os.Parcelable$Creator instantiate(android.support.v4.os.ParcelableCompatCreatorCallbacks)
android.support.v4.util.AtomicFile
android.support.v4.util.AtomicFile: java.io.File mBaseName
android.support.v4.util.AtomicFile: java.io.File mBackupName
android.support.v4.util.AtomicFile: AtomicFile(java.io.File)
android.support.v4.util.AtomicFile: java.io.File getBaseFile()
android.support.v4.util.AtomicFile: void delete()
android.support.v4.util.AtomicFile: java.io.FileOutputStream startWrite()
android.support.v4.util.AtomicFile: void finishWrite(java.io.FileOutputStream)
android.support.v4.util.AtomicFile: void failWrite(java.io.FileOutputStream)
android.support.v4.util.AtomicFile: java.io.FileInputStream openRead()
android.support.v4.util.AtomicFile: byte[] readFully()
android.support.v4.util.AtomicFile: boolean sync(java.io.FileOutputStream)
android.support.v4.util.DebugUtils
android.support.v4.util.DebugUtils: DebugUtils()
android.support.v4.util.DebugUtils: void buildShortClassTag(java.lang.Object,java.lang.StringBuilder)