Gviews/proguard/mapping.txt
com.homecoolink.CallActivity -> com.homecoolink.CallActivity:
    android.content.Context mContext -> a
    com.homecoolink.utils.PhoneWatcher mPhoneWatcher -> b
    android.widget.TextView top_text -> c
    boolean isOutCall -> d
    com.homecoolink.widget.HeaderView header_img -> e
    java.lang.String callId -> f
    java.lang.String contactName -> g
    java.lang.String ipFlag -> h
    int type -> i
    java.lang.String password -> j
    boolean isRegFilter -> k
    boolean isAccept -> l
    boolean isReject -> m
    android.widget.TextView ror_tv -> n
    java.util.Timer timer -> o
    android.content.Intent intentCall -> p
    android.content.BroadcastReceiver mReceiver -> t
    android.os.Handler handler -> q
    int i_count -> r
    java.util.TimerTask task -> s
    void onCreate(android.os.Bundle) -> onCreate
    void onHomePressed() -> a
    void startWatcher() -> i
    void initComponent() -> b
    void regFilter() -> c
    void onBackPressed() -> onBackPressed
    void onClick(android.view.View) -> onClick
    void reject() -> d
    void onDestroy() -> onDestroy
    void insertNearly() -> e
    int getActivityInfo() -> f
    void onGoBack() -> g
    void onGoFront() -> h
com.homecoolink.CallActivity$1 -> com.homecoolink.a:
    com.homecoolink.CallActivity this$0 -> a
    void onReceive(android.content.Context,android.content.Intent) -> onReceive
    com.homecoolink.CallActivity access$0(com.homecoolink.CallActivity$1) -> a
com.homecoolink.CallActivity$1$1 -> com.homecoolink.b:
    com.homecoolink.CallActivity$1 this$1 -> a
    void onClose() -> a
com.homecoolink.CallActivity$2 -> com.homecoolink.c:
    com.homecoolink.CallActivity this$0 -> a
    void handleMessage(android.os.Message) -> handleMessage
com.homecoolink.CallActivity$3 -> com.homecoolink.d:
    com.homecoolink.CallActivity this$0 -> a
    void run() -> run
com.homecoolink.CallActivity$4 -> com.homecoolink.e:
    com.homecoolink.CallActivity this$0 -> a
    void onCommingCall() -> a
com.homecoolink.MonitorActivity -> com.homecoolink.MonitorActivity:
    android.content.Context mContext -> a
    boolean isRegFilter -> b
    boolean mIsCloseVoice -> c
    int type -> d
    android.widget.ImageView screenshot -> e
    android.widget.ImageView hungup -> f
    android.widget.ImageView close_voice -> g
    android.widget.ImageView send_voice -> h
    android.widget.ImageView definition_btn -> i
    android.media.AudioManager mAudioManager -> j
    int mCurrentVolume -> k
    int mMaxVolume -> l
    com.homecoolink.utils.PhoneWatcher mPhoneWatcher -> m
    android.widget.RelativeLayout control_bottom -> n
    android.widget.LinearLayout layout_voice_state -> o
    android.widget.ImageView voice_state -> p
    android.widget.TextView video_mode_hd -> q
    android.widget.TextView video_mode_sd -> r
    android.widget.TextView video_mode_ld -> s
    android.widget.TextView text_number -> t
    boolean isControlShow -> u
    boolean isReject -> v
    boolean isHD -> w
    int current_video_mode -> x
    android.widget.PopupWindow popMenu -> K
    android.os.Handler mhandler -> L
    android.view.LayoutInflater lif -> M
    android.widget.RelativeLayout btndefense -> y
    android.widget.ImageView imgdefense -> z
    android.widget.ProgressBar progress_defence -> A
    com.homecoolink.data.Contact contact -> B
    java.lang.Runnable mrunnable -> C
    android.os.Handler mHandler -> D
    android.content.BroadcastReceiver mReceiver -> N
    long exitTime -> O
com.homecoolink.MonitorActivity$1 -> com.homecoolink.f:
    com.homecoolink.MonitorActivity this$0 -> a
    void run() -> run
com.homecoolink.MonitorActivity$2 -> com.homecoolink.g:
    com.homecoolink.MonitorActivity this$0 -> a
    boolean handleMessage(android.os.Message) -> handleMessage
com.homecoolink.MonitorActivity$3 -> com.homecoolink.h:
    com.homecoolink.MonitorActivity this$0 -> a
    void onReceive(android.content.Context,android.content.Intent) -> onReceive
...
android.support.v4.app.TaskStackBuilderJellybean -> android.support.v4.app.TaskStackBuilderJellybean:
    android.app.PendingIntent getActivitiesPendingIntent(android.content.Context,int,android.content.Intent[],int,android.os.Bundle) -> getActivitiesPendingIntent
android.support.v4.content.AsyncTaskLoader -> android.support.v4.content.AsyncTaskLoader:
    java.lang.String TAG -> TAG
    boolean DEBUG -> DEBUG
    android.support.v4.content.AsyncTaskLoader$LoadTask mTask -> mTask
    android.support.v4.content.AsyncTaskLoader$LoadTask mCancellingTask -> mCancellingTask
    long mUpdateThrottle -> mUpdateThrottle
    long mLastLoadCompleteTime -> mLastLoadCompleteTime
    android.os.Handler mHandler -> mHandler
    void setUpdateThrottle(long) -> setUpdateThrottle
    void onForceLoad() -> onForceLoad
    boolean cancelLoad() -> cancelLoad
    void onCanceled(java.lang.Object) -> onCanceled
    void executePendingTask() -> executePendingTask
    void dispatchOnCancelled(android.support.v4.content.AsyncTaskLoader$LoadTask,java.lang.Object) -> dispatchOnCancelled
    void dispatchOnLoadComplete(android.support.v4.content.AsyncTaskLoader$LoadTask,java.lang.Object) -> dispatchOnLoadComplete
    java.lang.Object loadInBackground() -> loadInBackground
    java.lang.Object onLoadInBackground() -> onLoadInBackground
    void waitForLoader() -> waitForLoader
    void dump(java.lang.String,java.io.FileDescriptor,java.io.PrintWriter,java.lang.String[]) -> dump
android.support.v4.content.AsyncTaskLoader$LoadTask -> android.support.v4.content.AsyncTaskLoader$LoadTask:
    java.lang.Object result -> result
    boolean waiting -> waiting
    java.util.concurrent.CountDownLatch done -> done
    android.support.v4.content.AsyncTaskLoader this$0 -> this$0
    java.lang.Object doInBackground(java.lang.Void[]) -> doInBackground
    void onPostExecute(java.lang.Object) -> onPostExecute
    void onCancelled() -> onCancelled
    void run() -> run
    java.lang.Object doInBackground(java.lang.Object[]) -> doInBackground
    java.util.concurrent.CountDownLatch access$000(android.support.v4.content.AsyncTaskLoader$LoadTask) -> access$000
android.support.v4.content.ContextCompat -> android.support.v4.content.ContextCompat:
    boolean startActivities(android.content.Context,android.content.Intent[]) -> startActivities
    boolean startActivities(android.content.Context,android.content.Intent[],android.os.Bundle) -> startActivities
android.support.v4.content.ContextCompatHoneycomb -> android.support.v4.content.ContextCompatHoneycomb:
    void startActivities(android.content.Context,android.content.Intent[]) -> startActivities
android.support.v4.content.ContextCompatJellybean -> android.support.v4.content.ContextCompatJellybean:
    void startActivities(android.content.Context,android.content.Intent[],android.os.Bundle) -> startActivities