Gviews/proguard/usage.txt
com.homecoolink.BuildConfig
com.homecoolink.CallActivity:
    android.widget.TextView reject_text
    android.widget.TextView title_text
    android.widget.RelativeLayout accept
    android.widget.RelativeLayout reject
    android.widget.RelativeLayout layout_accept
    android.widget.ImageView call_anim
    407:409:protected void onExit()
com.homecoolink.Manifest
com.homecoolink.Manifest$permission
com.homecoolink.MonitorActivity:
    android.widget.ImageView img_reverse
    java.lang.String callId
    java.lang.String password
    617:618:protected void onExit()
com.homecoolink.P2PConnect:
    public static final int P2P_STATE_NONE
    public static final int P2P_STATE_CALLING
    public static final int P2P_STATE_READY
    public static final int P2P_STATE_ALARM
com.homecoolink.PlayBackActivity:
    372:373:protected void onExit()
com.homecoolink.R:
    10:10:public R()
com.homecoolink.R$anim
com.homecoolink.R$array
com.homecoolink.R$attr
com.homecoolink.R$color
com.homecoolink.R$dimen
com.homecoolink.R$drawable
com.homecoolink.R$id
com.homecoolink.R$layout
com.homecoolink.R$raw
com.homecoolink.R$string
com.homecoolink.R$style
com.homecoolink.R$styleable:
    public static final int PullToRefresh_ptrAdapterViewBackground
    public static final int PullToRefresh_ptrAnimationStyle
    public static final int PullToRefresh_ptrDrawable
    public static final int PullToRefresh_ptrDrawableBottom
    public static final int PullToRefresh_ptrDrawableEnd
    public static final int PullToRefresh_ptrDrawableStart
    public static final int PullToRefresh_ptrDrawableTop
    public static final int PullToRefresh_ptrHeaderBackground
    public static final int PullToRefresh_ptrHeaderSubTextColor
    public static final int PullToRefresh_ptrHeaderTextAppearance
    public static final int PullToRefresh_ptrHeaderTextColor
    public static final int PullToRefresh_ptrListViewExtrasEnabled
    public static final int PullToRefresh_ptrMode
    public static final int PullToRefresh_ptrOverScroll
    public static final int PullToRefresh_ptrRefreshableViewBackground
    public static final int PullToRefresh_ptrRotateDrawableWhilePulling
    public static final int PullToRefresh_ptrScrollingWhileRefreshingEnabled
    public static final int PullToRefresh_ptrShowIndicator
    public static final int PullToRefresh_ptrSubHeaderTextAppearance
    public static final int RoundAngleImageView_roundHeight
    public static final int RoundAngleImageView_roundWidth
    2425:2425:public R$styleable()
com.homecoolink.SettingListener:
    1226:1226:public void ACK_vRetSetGPIO(int,int)
    1232:1232:public void ACK_vRetSetGPIO1_0(int,int)
    1238:1238:public void ACK_vRetSetPreRecord(int,int)
com.homecoolink.activity.AddContactNextActivity:
    private static final int RESULT_GETIMG_FROM_CAMERA
    private static final int RESULT_GETIMG_FROM_GALLERY
    private static final int RESULT_CUT_IMAGE
com.homecoolink.activity.AlarmActivity:
    android.widget.LinearLayout layout_area_chanel
    android.widget.LinearLayout alarm_input
    android.widget.LinearLayout alarm_dialog
    android.widget.TextView alarm_go
    android.widget.EditText mPassword
    com.homecoolink.widget.NormalDialog dialog
    290:312:public void loadAlarmBellMusicAndVibrate()
com.homecoolink.activity.AlarmActivity$4
com.homecoolink.activity.AlarmRecordFromDeviceActivity:
    public static final int CHANGE_REFRESHING_LABLE
    public static final int HANDLER_ID_HIDE_LAYOUT_LOADING
    java.lang.String[] last_bind_data
com.homecoolink.activity.AlarmReordDetailActivity:
    java.lang.String alarm_sb
    java.lang.String alarm_content
com.homecoolink.activity.AlarmReordVideo:
    android.widget.PopupWindow devicepopMenu
    com.homecoolink.adapter.VideoContactAdapter va
com.homecoolink.activity.BaseActivity:
    25:26:protected void onExit()
    public abstract int getActivityInfo()
...
com.google.zxing.client.result.TelResultParser
com.google.zxing.client.result.TextParsedResult
com.google.zxing.client.result.URIParsedResult
com.google.zxing.client.result.URIResultParser
com.google.zxing.client.result.URLTOResultParser
com.google.zxing.client.result.VCardResultParser
com.google.zxing.client.result.VEventResultParser
com.google.zxing.client.result.WifiParsedResult
com.google.zxing.client.result.WifiResultParser
com.google.zxing.client.result.optional.AbstractNDEFResultParser
com.google.zxing.client.result.optional.NDEFRecord
com.google.zxing.client.result.optional.NDEFSmartPosterParsedResult
com.google.zxing.client.result.optional.NDEFSmartPosterResultParser
com.google.zxing.client.result.optional.NDEFTextResultParser
com.google.zxing.client.result.optional.NDEFURIResultParser
com.google.zxing.common.BitArray:
    38:41:public BitArray(int)
    73:74:public void set(int)
    82:83:public void flip(int)
    93:94:public void setBulk(int,int)
    100:104:public void clear()
    116:144:public boolean isRange(int,int,boolean)
    215:215:public int[] getBitArray()
    222:230:public void reverse()
com.google.zxing.common.BitMatrix:
    44:45:public BitMatrix(int)
    76:78:public void set(int,int)
    87:89:public void flip(int,int)
    95:99:public void clear()
    138:145:public com.google.zxing.common.BitArray getRow(int,com.google.zxing.common.BitArray)
    154:170:public int[] getTopLeftOnBit()
com.google.zxing.common.BitSource
com.google.zxing.common.CharacterSetECI:
    65:65:public java.lang.String getEncodingName()
    89:95:public static com.google.zxing.common.CharacterSetECI getCharacterSetECIByValue(int)
com.google.zxing.common.Collections
com.google.zxing.common.Comparator
com.google.zxing.common.DecoderResult
com.google.zxing.common.DefaultGridSampler
com.google.zxing.common.DetectorResult
com.google.zxing.common.ECI:
    43:49:public static com.google.zxing.common.ECI getECIByValue(int)
com.google.zxing.common.GlobalHistogramBinarizer
com.google.zxing.common.GridSampler
com.google.zxing.common.HybridBinarizer
com.google.zxing.common.PerspectiveTransform
com.google.zxing.common.StringUtils
com.google.zxing.common.detector.MonochromeRectangleDetector
com.google.zxing.common.detector.WhiteRectangleDetector
com.google.zxing.common.reedsolomon.GF256:
    70:70:com.google.zxing.common.reedsolomon.GF256Poly getOne()
com.google.zxing.common.reedsolomon.GF256Poly:
    98:115:int evaluateAt(int)
    171:182:com.google.zxing.common.reedsolomon.GF256Poly multiply(int)
com.google.zxing.common.reedsolomon.ReedSolomonDecoder
com.google.zxing.common.reedsolomon.ReedSolomonException
com.google.zxing.datamatrix.DataMatrixReader
com.google.zxing.datamatrix.decoder.BitMatrixParser
com.google.zxing.datamatrix.decoder.DataBlock
com.google.zxing.datamatrix.decoder.DecodedBitStreamParser
com.google.zxing.datamatrix.decoder.Decoder
com.google.zxing.datamatrix.decoder.Version
com.google.zxing.datamatrix.decoder.Version$1
com.google.zxing.datamatrix.decoder.Version$ECB
com.google.zxing.datamatrix.decoder.Version$ECBlocks
com.google.zxing.datamatrix.detector.Detector
com.google.zxing.datamatrix.detector.Detector$1
com.google.zxing.datamatrix.detector.Detector$ResultPointsAndTransitions
com.google.zxing.datamatrix.detector.Detector$ResultPointsAndTransitionsComparator
com.google.zxing.multi.ByQuadrantReader
com.google.zxing.multi.GenericMultipleBarcodeReader
com.google.zxing.multi.MultipleBarcodeReader
com.google.zxing.multi.qrcode.QRCodeMultiReader
com.google.zxing.multi.qrcode.detector.MultiDetector
com.google.zxing.multi.qrcode.detector.MultiFinderPatternFinder
com.google.zxing.multi.qrcode.detector.MultiFinderPatternFinder$1
com.google.zxing.multi.qrcode.detector.MultiFinderPatternFinder$ModuleSizeComparator
com.google.zxing.oned.CodaBarReader